<?xml version="1.0" encoding="UTF-8"?>
<testng-results ignored="0" total="1" passed="1" failed="0" skipped="0">
  <reporter-output>
  </reporter-output>
  <suite started-at="2022-10-28T01:50:23 IST" name="Default suite" finished-at="2022-10-28T01:50:39 IST" duration-ms="16632">
    <groups>
    </groups>
    <test started-at="2022-10-28T01:50:23 IST" name="Default test" finished-at="2022-10-28T01:50:39 IST" duration-ms="16632">
      <class name="orangeHRMcases.Empregtest">
        <test-method is-config="true" signature="launchApp()[pri:0, instance:orangeHRMcases.Empregtest@353d0772]" started-at="2022-10-28T01:50:15 IST" name="launchApp" finished-at="2022-10-28T01:50:23 IST" duration-ms="7517" status="PASS">
          <reporter-output>
          </reporter-output>
        </test-method> <!-- launchApp -->
        <test-method is-config="true" signature="adminlogin()[pri:0, instance:orangeHRMcases.Empregtest@353d0772]" started-at="2022-10-28T01:50:23 IST" name="adminlogin" finished-at="2022-10-28T01:50:27 IST" duration-ms="4289" status="PASS">
          <reporter-output>
          </reporter-output>
        </test-method> <!-- adminlogin -->
        <test-method signature="Checkempreg()[pri:0, instance:orangeHRMcases.Empregtest@353d0772]" started-at="2022-10-28T01:50:27 IST" name="Checkempreg" finished-at="2022-10-28T01:50:38 IST" duration-ms="11086" status="PASS">
          <reporter-output>
          </reporter-output>
        </test-method> <!-- Checkempreg -->
        <test-method is-config="true" signature="adminlogout()[pri:0, instance:orangeHRMcases.Empregtest@353d0772]" started-at="2022-10-28T01:50:38 IST" name="adminlogout" finished-at="2022-10-28T01:50:39 IST" duration-ms="1223" status="PASS">
          <reporter-output>
          </reporter-output>
        </test-method> <!-- adminlogout -->
        <test-method is-config="true" signature="closeApp()[pri:0, instance:orangeHRMcases.Empregtest@353d0772]" started-at="2022-10-28T01:50:40 IST" name="closeApp" finished-at="2022-10-28T01:50:40 IST" duration-ms="208" status="PASS">
          <reporter-output>
          </reporter-output>
        </test-method> <!-- closeApp -->
      </class> <!-- orangeHRMcases.Empregtest -->
    </test> <!-- Default test -->
  </suite> <!-- Default suite -->
</testng-results>
